2025-03-17T11:48:20.740+05:30  INFO 25968 --- [patient-tracker] [main] c.h.p.PatientTrackerApplication          : Starting PatientTrackerApplication using Java 17.0.12 with PID 25968 (C:\Users\nalliboina.ramya\Downloads\Ramya's updated\Ramya's updated\patient-tracker\target\classes started by nalliboina.ramya in C:\Users\nalliboina.ramya\Downloads\Ramya's updated\Ramya's updated\patient-tracker)
2025-03-17T11:48:20.758+05:30  INFO 25968 --- [patient-tracker] [main] c.h.p.PatientTrackerApplication          : No active profile set, falling back to 1 default profile: "default"
2025-03-17T11:48:22.181+05:30  INFO 25968 --- [patient-tracker] [main] .s.d.r.c.RepositoryConfigurationDelegate : Bootstrapping Spring Data JPA repositories in DEFAULT mode.
2025-03-17T11:48:22.352+05:30  INFO 25968 --- [patient-tracker] [main] .s.d.r.c.RepositoryConfigurationDelegate : Finished Spring Data repository scanning in 161 ms. Found 8 JPA repository interfaces.
2025-03-17T11:48:23.360+05:30  INFO 25968 --- [patient-tracker] [main] o.s.b.w.embedded.tomcat.TomcatWebServer  : Tomcat initialized with port 8081 (http)
2025-03-17T11:48:23.375+05:30  INFO 25968 --- [patient-tracker] [main] o.apache.catalina.core.StandardService   : Starting service [Tomcat]
2025-03-17T11:48:23.376+05:30  INFO 25968 --- [patient-tracker] [main] o.apache.catalina.core.StandardEngine    : Starting Servlet engine: [Apache Tomcat/10.1.34]
2025-03-17T11:48:23.568+05:30  INFO 25968 --- [patient-tracker] [main] o.a.c.c.C.[Tomcat].[localhost].[/]       : Initializing Spring embedded WebApplicationContext
2025-03-17T11:48:23.568+05:30  INFO 25968 --- [patient-tracker] [main] w.s.c.ServletWebServerApplicationContext : Root WebApplicationContext: initialization completed in 2750 ms
2025-03-17T11:48:23.924+05:30  INFO 25968 --- [patient-tracker] [main] o.hibernate.jpa.internal.util.LogHelper  : HHH000204: Processing PersistenceUnitInfo [name: default]
2025-03-17T11:48:24.013+05:30  INFO 25968 --- [patient-tracker] [main] org.hibernate.Version                    : HHH000412: Hibernate ORM core version 6.5.3.Final
2025-03-17T11:48:24.064+05:30  INFO 25968 --- [patient-tracker] [main] o.h.c.internal.RegionFactoryInitiator    : HHH000026: Second-level cache disabled
2025-03-17T11:48:24.425+05:30  INFO 25968 --- [patient-tracker] [main] o.s.o.j.p.SpringPersistenceUnitInfo      : No LoadTimeWeaver setup: ignoring JPA class transformer
2025-03-17T11:48:24.470+05:30  INFO 25968 --- [patient-tracker] [main] com.zaxxer.hikari.HikariDataSource       : HikariPool-1 - Starting...
2025-03-17T11:48:24.931+05:30  INFO 25968 --- [patient-tracker] [main] com.zaxxer.hikari.pool.HikariPool        : HikariPool-1 - Added connection com.mysql.cj.jdbc.ConnectionImpl@7131d668
2025-03-17T11:48:24.933+05:30  INFO 25968 --- [patient-tracker] [main] com.zaxxer.hikari.HikariDataSource       : HikariPool-1 - Start completed.
2025-03-17T11:48:24.997+05:30  WARN 25968 --- [patient-tracker] [main] org.hibernate.orm.deprecation            : HHH90000025: MySQL8Dialect does not need to be specified explicitly using 'hibernate.dialect' (remove the property setting and it will be selected by default)
2025-03-17T11:48:24.998+05:30  WARN 25968 --- [patient-tracker] [main] org.hibernate.orm.deprecation            : HHH90000026: MySQL8Dialect has been deprecated; use org.hibernate.dialect.MySQLDialect instead
2025-03-17T11:48:26.246+05:30  INFO 25968 --- [patient-tracker] [main] o.h.e.t.j.p.i.JtaPlatformInitiator       : HHH000489: No JTA platform available (set 'hibernate.transaction.jta.platform' to enable JTA platform integration)
2025-03-17T11:48:26.400+05:30  INFO 25968 --- [patient-tracker] [main] j.LocalContainerEntityManagerFactoryBean : Initialized JPA EntityManagerFactory for persistence unit 'default'
2025-03-17T11:48:26.850+05:30  WARN 25968 --- [patient-tracker] [main] JpaBaseConfiguration$JpaWebConfiguration : spring.jpa.open-in-view is enabled by default. Therefore, database queries may be performed during view rendering. Explicitly configure spring.jpa.open-in-view to disable this warning
2025-03-17T11:48:27.164+05:30  INFO 25968 --- [patient-tracker] [main] r$InitializeUserDetailsManagerConfigurer : Global AuthenticationManager configured with UserDetailsService bean with name adminServiceImpl
2025-03-17T11:48:27.714+05:30  INFO 25968 --- [patient-tracker] [main] o.s.b.a.e.web.EndpointLinksResolver      : Exposing 1 endpoint beneath base path '/actuator'
2025-03-17T11:48:28.238+05:30  INFO 25968 --- [patient-tracker] [main] o.s.b.w.embedded.tomcat.TomcatWebServer  : Tomcat started on port 8081 (http) with context path '/'
2025-03-17T11:48:28.253+05:30  INFO 25968 --- [patient-tracker] [main] c.h.p.PatientTrackerApplication          : Started PatientTrackerApplication in 8.025 seconds (process running for 10.54)
2025-03-17T11:51:35.389+05:30  INFO 26292 --- [patient-tracker] [main] c.h.p.PatientTrackerApplication          : Starting PatientTrackerApplication using Java 17.0.12 with PID 26292 (C:\Users\nalliboina.ramya\Downloads\Ramya's updated\Ramya's updated\patient-tracker\target\classes started by nalliboina.ramya in C:\Users\nalliboina.ramya\Downloads\Ramya's updated\Ramya's updated\patient-tracker)
2025-03-17T11:51:35.393+05:30  INFO 26292 --- [patient-tracker] [main] c.h.p.PatientTrackerApplication          : No active profile set, falling back to 1 default profile: "default"
2025-03-17T11:51:36.795+05:30  INFO 26292 --- [patient-tracker] [main] .s.d.r.c.RepositoryConfigurationDelegate : Bootstrapping Spring Data JPA repositories in DEFAULT mode.
2025-03-17T11:51:36.965+05:30  INFO 26292 --- [patient-tracker] [main] .s.d.r.c.RepositoryConfigurationDelegate : Finished Spring Data repository scanning in 159 ms. Found 8 JPA repository interfaces.
2025-03-17T11:51:37.971+05:30  INFO 26292 --- [patient-tracker] [main] o.s.b.w.embedded.tomcat.TomcatWebServer  : Tomcat initialized with port 8081 (http)
2025-03-17T11:51:37.987+05:30  INFO 26292 --- [patient-tracker] [main] o.apache.catalina.core.StandardService   : Starting service [Tomcat]
2025-03-17T11:51:37.988+05:30  INFO 26292 --- [patient-tracker] [main] o.apache.catalina.core.StandardEngine    : Starting Servlet engine: [Apache Tomcat/10.1.34]
2025-03-17T11:51:38.217+05:30  INFO 26292 --- [patient-tracker] [main] o.a.c.c.C.[Tomcat].[localhost].[/]       : Initializing Spring embedded WebApplicationContext
2025-03-17T11:51:38.218+05:30  INFO 26292 --- [patient-tracker] [main] w.s.c.ServletWebServerApplicationContext : Root WebApplicationContext: initialization completed in 2780 ms
2025-03-17T11:51:38.581+05:30  INFO 26292 --- [patient-tracker] [main] o.hibernate.jpa.internal.util.LogHelper  : HHH000204: Processing PersistenceUnitInfo [name: default]
2025-03-17T11:51:38.648+05:30  INFO 26292 --- [patient-tracker] [main] org.hibernate.Version                    : HHH000412: Hibernate ORM core version 6.5.3.Final
2025-03-17T11:51:38.694+05:30  INFO 26292 --- [patient-tracker] [main] o.h.c.internal.RegionFactoryInitiator    : HHH000026: Second-level cache disabled
2025-03-17T11:51:39.039+05:30  INFO 26292 --- [patient-tracker] [main] o.s.o.j.p.SpringPersistenceUnitInfo      : No LoadTimeWeaver setup: ignoring JPA class transformer
2025-03-17T11:51:39.075+05:30  INFO 26292 --- [patient-tracker] [main] com.zaxxer.hikari.HikariDataSource       : HikariPool-1 - Starting...
2025-03-17T11:51:39.429+05:30  INFO 26292 --- [patient-tracker] [main] com.zaxxer.hikari.pool.HikariPool        : HikariPool-1 - Added connection com.mysql.cj.jdbc.ConnectionImpl@70cd122
2025-03-17T11:51:39.432+05:30  INFO 26292 --- [patient-tracker] [main] com.zaxxer.hikari.HikariDataSource       : HikariPool-1 - Start completed.
2025-03-17T11:51:39.486+05:30  WARN 26292 --- [patient-tracker] [main] org.hibernate.orm.deprecation            : HHH90000025: MySQL8Dialect does not need to be specified explicitly using 'hibernate.dialect' (remove the property setting and it will be selected by default)
2025-03-17T11:51:39.487+05:30  WARN 26292 --- [patient-tracker] [main] org.hibernate.orm.deprecation            : HHH90000026: MySQL8Dialect has been deprecated; use org.hibernate.dialect.MySQLDialect instead
2025-03-17T11:51:40.893+05:30  INFO 26292 --- [patient-tracker] [main] o.h.e.t.j.p.i.JtaPlatformInitiator       : HHH000489: No JTA platform available (set 'hibernate.transaction.jta.platform' to enable JTA platform integration)
2025-03-17T11:51:41.163+05:30  INFO 26292 --- [patient-tracker] [main] j.LocalContainerEntityManagerFactoryBean : Initialized JPA EntityManagerFactory for persistence unit 'default'
2025-03-17T11:51:41.988+05:30  WARN 26292 --- [patient-tracker] [main] JpaBaseConfiguration$JpaWebConfiguration : spring.jpa.open-in-view is enabled by default. Therefore, database queries may be performed during view rendering. Explicitly configure spring.jpa.open-in-view to disable this warning
2025-03-17T11:51:42.491+05:30  INFO 26292 --- [patient-tracker] [main] r$InitializeUserDetailsManagerConfigurer : Global AuthenticationManager configured with UserDetailsService bean with name adminServiceImpl
2025-03-17T11:51:43.264+05:30  INFO 26292 --- [patient-tracker] [main] o.s.b.a.e.web.EndpointLinksResolver      : Exposing 1 endpoint beneath base path '/actuator'
2025-03-17T11:51:43.929+05:30  INFO 26292 --- [patient-tracker] [main] o.s.b.w.embedded.tomcat.TomcatWebServer  : Tomcat started on port 8081 (http) with context path '/'
2025-03-17T11:51:43.947+05:30  INFO 26292 --- [patient-tracker] [main] c.h.p.PatientTrackerApplication          : Started PatientTrackerApplication in 9.024 seconds (process running for 11.291)
2025-03-17T11:56:42.139+05:30  INFO 26292 --- [patient-tracker] [http-nio-8081-exec-1] o.a.c.c.C.[Tomcat].[localhost].[/]       : Initializing Spring DispatcherServlet 'dispatcherServlet'
2025-03-17T11:56:42.139+05:30  INFO 26292 --- [patient-tracker] [http-nio-8081-exec-1] o.s.web.servlet.DispatcherServlet        : Initializing Servlet 'dispatcherServlet'
2025-03-17T11:56:42.140+05:30  INFO 26292 --- [patient-tracker] [http-nio-8081-exec-1] o.s.web.servlet.DispatcherServlet        : Completed initialization in 1 ms
2025-03-17T12:04:30.753+05:30  INFO 13624 --- [patient-tracker] [main] c.h.p.PatientTrackerApplication          : Starting PatientTrackerApplication using Java 17.0.12 with PID 13624 (C:\Users\nalliboina.ramya\Downloads\Ramya's updated\Ramya's updated\patient-tracker\target\classes started by nalliboina.ramya in C:\Users\nalliboina.ramya\Downloads\Ramya's updated\Ramya's updated\patient-tracker)
2025-03-17T12:04:30.757+05:30  INFO 13624 --- [patient-tracker] [main] c.h.p.PatientTrackerApplication          : No active profile set, falling back to 1 default profile: "default"
2025-03-17T12:04:32.060+05:30  INFO 13624 --- [patient-tracker] [main] .s.d.r.c.RepositoryConfigurationDelegate : Bootstrapping Spring Data JPA repositories in DEFAULT mode.
2025-03-17T12:04:32.213+05:30  INFO 13624 --- [patient-tracker] [main] .s.d.r.c.RepositoryConfigurationDelegate : Finished Spring Data repository scanning in 145 ms. Found 8 JPA repository interfaces.
2025-03-17T12:04:33.097+05:30  INFO 13624 --- [patient-tracker] [main] o.s.b.w.embedded.tomcat.TomcatWebServer  : Tomcat initialized with port 8081 (http)
2025-03-17T12:04:33.110+05:30  INFO 13624 --- [patient-tracker] [main] o.apache.catalina.core.StandardService   : Starting service [Tomcat]
2025-03-17T12:04:33.110+05:30  INFO 13624 --- [patient-tracker] [main] o.apache.catalina.core.StandardEngine    : Starting Servlet engine: [Apache Tomcat/10.1.34]
2025-03-17T12:04:33.278+05:30  INFO 13624 --- [patient-tracker] [main] o.a.c.c.C.[Tomcat].[localhost].[/]       : Initializing Spring embedded WebApplicationContext
2025-03-17T12:04:33.280+05:30  INFO 13624 --- [patient-tracker] [main] w.s.c.ServletWebServerApplicationContext : Root WebApplicationContext: initialization completed in 2472 ms
2025-03-17T12:04:33.603+05:30  INFO 13624 --- [patient-tracker] [main] o.hibernate.jpa.internal.util.LogHelper  : HHH000204: Processing PersistenceUnitInfo [name: default]
2025-03-17T12:04:33.664+05:30  INFO 13624 --- [patient-tracker] [main] org.hibernate.Version                    : HHH000412: Hibernate ORM core version 6.5.3.Final
2025-03-17T12:04:33.730+05:30  INFO 13624 --- [patient-tracker] [main] o.h.c.internal.RegionFactoryInitiator    : HHH000026: Second-level cache disabled
2025-03-17T12:04:34.040+05:30  INFO 13624 --- [patient-tracker] [main] o.s.o.j.p.SpringPersistenceUnitInfo      : No LoadTimeWeaver setup: ignoring JPA class transformer
2025-03-17T12:04:34.073+05:30  INFO 13624 --- [patient-tracker] [main] com.zaxxer.hikari.HikariDataSource       : HikariPool-1 - Starting...
2025-03-17T12:04:34.398+05:30  INFO 13624 --- [patient-tracker] [main] com.zaxxer.hikari.pool.HikariPool        : HikariPool-1 - Added connection com.mysql.cj.jdbc.ConnectionImpl@6b278b17
2025-03-17T12:04:34.400+05:30  INFO 13624 --- [patient-tracker] [main] com.zaxxer.hikari.HikariDataSource       : HikariPool-1 - Start completed.
2025-03-17T12:04:34.442+05:30  WARN 13624 --- [patient-tracker] [main] org.hibernate.orm.deprecation            : HHH90000025: MySQL8Dialect does not need to be specified explicitly using 'hibernate.dialect' (remove the property setting and it will be selected by default)
2025-03-17T12:04:34.444+05:30  WARN 13624 --- [patient-tracker] [main] org.hibernate.orm.deprecation            : HHH90000026: MySQL8Dialect has been deprecated; use org.hibernate.dialect.MySQLDialect instead
2025-03-17T12:04:35.590+05:30  INFO 13624 --- [patient-tracker] [main] o.h.e.t.j.p.i.JtaPlatformInitiator       : HHH000489: No JTA platform available (set 'hibernate.transaction.jta.platform' to enable JTA platform integration)
2025-03-17T12:04:35.703+05:30  INFO 13624 --- [patient-tracker] [main] j.LocalContainerEntityManagerFactoryBean : Initialized JPA EntityManagerFactory for persistence unit 'default'
2025-03-17T12:04:36.115+05:30  WARN 13624 --- [patient-tracker] [main] JpaBaseConfiguration$JpaWebConfiguration : spring.jpa.open-in-view is enabled by default. Therefore, database queries may be performed during view rendering. Explicitly configure spring.jpa.open-in-view to disable this warning
2025-03-17T12:04:36.409+05:30  INFO 13624 --- [patient-tracker] [main] r$InitializeUserDetailsManagerConfigurer : Global AuthenticationManager configured with UserDetailsService bean with name adminServiceImpl
2025-03-17T12:04:37.055+05:30  INFO 13624 --- [patient-tracker] [main] o.s.b.a.e.web.EndpointLinksResolver      : Exposing 15 endpoints beneath base path '/actuator'
2025-03-17T12:04:37.543+05:30  INFO 13624 --- [patient-tracker] [main] o.s.b.w.embedded.tomcat.TomcatWebServer  : Tomcat started on port 8081 (http) with context path '/'
2025-03-17T12:04:37.559+05:30  INFO 13624 --- [patient-tracker] [main] c.h.p.PatientTrackerApplication          : Started PatientTrackerApplication in 7.253 seconds (process running for 9.541)
2025-03-17T12:05:51.338+05:30  INFO 13624 --- [patient-tracker] [http-nio-8081-exec-1] o.a.c.c.C.[Tomcat].[localhost].[/]       : Initializing Spring DispatcherServlet 'dispatcherServlet'
2025-03-17T12:05:51.338+05:30  INFO 13624 --- [patient-tracker] [http-nio-8081-exec-1] o.s.web.servlet.DispatcherServlet        : Initializing Servlet 'dispatcherServlet'
2025-03-17T12:05:51.338+05:30  INFO 13624 --- [patient-tracker] [http-nio-8081-exec-1] o.s.web.servlet.DispatcherServlet        : Completed initialization in 0 ms
2025-03-17T12:08:14.149+05:30  INFO 13624 --- [patient-tracker] [http-nio-8081-exec-1] o.springdoc.api.AbstractOpenApiResource  : Init duration for springdoc-openapi is: 809 ms
2025-03-17T12:19:51.984+05:30  INFO 20832 --- [patient-tracker] [main] c.h.p.PatientTrackerApplication          : Starting PatientTrackerApplication using Java 17.0.12 with PID 20832 (C:\Users\nalliboina.ramya\Downloads\Ramya's updated\Ramya's updated\patient-tracker\target\classes started by nalliboina.ramya in C:\Users\nalliboina.ramya\Downloads\Ramya's updated\Ramya's updated\patient-tracker)
2025-03-17T12:19:51.990+05:30  INFO 20832 --- [patient-tracker] [main] c.h.p.PatientTrackerApplication          : No active profile set, falling back to 1 default profile: "default"
2025-03-17T12:19:54.051+05:30  INFO 20832 --- [patient-tracker] [main] .s.d.r.c.RepositoryConfigurationDelegate : Bootstrapping Spring Data JPA repositories in DEFAULT mode.
2025-03-17T12:19:54.286+05:30  INFO 20832 --- [patient-tracker] [main] .s.d.r.c.RepositoryConfigurationDelegate : Finished Spring Data repository scanning in 224 ms. Found 8 JPA repository interfaces.
2025-03-17T12:19:55.589+05:30  INFO 20832 --- [patient-tracker] [main] o.s.b.w.embedded.tomcat.TomcatWebServer  : Tomcat initialized with port 8081 (http)
2025-03-17T12:19:55.607+05:30  INFO 20832 --- [patient-tracker] [main] o.apache.catalina.core.StandardService   : Starting service [Tomcat]
2025-03-17T12:19:55.608+05:30  INFO 20832 --- [patient-tracker] [main] o.apache.catalina.core.StandardEngine    : Starting Servlet engine: [Apache Tomcat/10.1.34]
2025-03-17T12:19:55.881+05:30  INFO 20832 --- [patient-tracker] [main] o.a.c.c.C.[Tomcat].[localhost].[/]       : Initializing Spring embedded WebApplicationContext
2025-03-17T12:19:55.883+05:30  INFO 20832 --- [patient-tracker] [main] w.s.c.ServletWebServerApplicationContext : Root WebApplicationContext: initialization completed in 3786 ms
2025-03-17T12:19:56.326+05:30  INFO 20832 --- [patient-tracker] [main] o.hibernate.jpa.internal.util.LogHelper  : HHH000204: Processing PersistenceUnitInfo [name: default]
2025-03-17T12:19:56.420+05:30  INFO 20832 --- [patient-tracker] [main] org.hibernate.Version                    : HHH000412: Hibernate ORM core version 6.5.3.Final
2025-03-17T12:19:56.515+05:30  INFO 20832 --- [patient-tracker] [main] o.h.c.internal.RegionFactoryInitiator    : HHH000026: Second-level cache disabled
2025-03-17T12:19:56.915+05:30  INFO 20832 --- [patient-tracker] [main] o.s.o.j.p.SpringPersistenceUnitInfo      : No LoadTimeWeaver setup: ignoring JPA class transformer
2025-03-17T12:19:56.954+05:30  INFO 20832 --- [patient-tracker] [main] com.zaxxer.hikari.HikariDataSource       : HikariPool-1 - Starting...
2025-03-17T12:19:57.399+05:30  INFO 20832 --- [patient-tracker] [main] com.zaxxer.hikari.pool.HikariPool        : HikariPool-1 - Added connection com.mysql.cj.jdbc.ConnectionImpl@533d7c61
2025-03-17T12:19:57.402+05:30  INFO 20832 --- [patient-tracker] [main] com.zaxxer.hikari.HikariDataSource       : HikariPool-1 - Start completed.
2025-03-17T12:19:57.456+05:30  WARN 20832 --- [patient-tracker] [main] org.hibernate.orm.deprecation            : HHH90000025: MySQL8Dialect does not need to be specified explicitly using 'hibernate.dialect' (remove the property setting and it will be selected by default)
2025-03-17T12:19:57.458+05:30  WARN 20832 --- [patient-tracker] [main] org.hibernate.orm.deprecation            : HHH90000026: MySQL8Dialect has been deprecated; use org.hibernate.dialect.MySQLDialect instead
2025-03-17T12:19:59.580+05:30  INFO 20832 --- [patient-tracker] [main] o.h.e.t.j.p.i.JtaPlatformInitiator       : HHH000489: No JTA platform available (set 'hibernate.transaction.jta.platform' to enable JTA platform integration)
2025-03-17T12:19:59.778+05:30  INFO 20832 --- [patient-tracker] [main] j.LocalContainerEntityManagerFactoryBean : Initialized JPA EntityManagerFactory for persistence unit 'default'
2025-03-17T12:20:00.456+05:30  WARN 20832 --- [patient-tracker] [main] JpaBaseConfiguration$JpaWebConfiguration : spring.jpa.open-in-view is enabled by default. Therefore, database queries may be performed during view rendering. Explicitly configure spring.jpa.open-in-view to disable this warning
2025-03-17T12:20:00.815+05:30  INFO 20832 --- [patient-tracker] [main] r$InitializeUserDetailsManagerConfigurer : Global AuthenticationManager configured with UserDetailsService bean with name adminServiceImpl
2025-03-17T12:20:01.659+05:30  INFO 20832 --- [patient-tracker] [main] o.s.b.a.e.web.EndpointLinksResolver      : Exposing 15 endpoints beneath base path '/actuator'
2025-03-17T12:20:02.420+05:30  INFO 20832 --- [patient-tracker] [main] o.s.b.w.embedded.tomcat.TomcatWebServer  : Tomcat started on port 8081 (http) with context path '/'
2025-03-17T12:20:02.438+05:30  INFO 20832 --- [patient-tracker] [main] c.h.p.PatientTrackerApplication          : Started PatientTrackerApplication in 11.134 seconds (process running for 14.631)
2025-03-17T12:39:54.054+05:30  INFO 20832 --- [patient-tracker] [http-nio-8081-exec-2] o.a.c.c.C.[Tomcat].[localhost].[/]       : Initializing Spring DispatcherServlet 'dispatcherServlet'
2025-03-17T12:39:54.055+05:30  INFO 20832 --- [patient-tracker] [http-nio-8081-exec-2] o.s.web.servlet.DispatcherServlet        : Initializing Servlet 'dispatcherServlet'
2025-03-17T12:39:54.056+05:30  INFO 20832 --- [patient-tracker] [http-nio-8081-exec-2] o.s.web.servlet.DispatcherServlet        : Completed initialization in 1 ms
